<?xml version="1.0" encoding="UTF-8"?>
<testsuite xmlns:xsi="http://www.w3.org/2001/XMLSchema-instance" xsi:noNamespaceSchemaLocation="https://maven.apache.org/surefire/maven-surefire-plugin/xsd/surefire-test-report-3.0.xsd" version="3.0" name="com.app.AppTest" time="4.472" tests="3" errors="0" skipped="0" failures="0">
  <properties>
[...]
</properties>
  <testcase name="testAdd" classname="com.app.AppTest" time="0.009"/>
  <testcase name="testMain" classname="com.app.AppTest" time="4.352">
    <system-out><![CDATA[
  .   ____          _            __ _ _
 /\\ / ___'_ __ _ _(_)_ __  __ _ \ \ \ \
( ( )\___ | '_ | '_| | '_ \/ _` | \ \ \ \
 \\/  ___)| |_)| | | | | || (_| |  ) ) ) )
  '  |____| .__|_| |_|_| |_\__, | / / / /
 =========|_|==============|___/=/_/_/_/
 :: Spring Boot ::                (v3.2.0)

2026-06-05T05:17:19.795Z  INFO 1780 --- [           main] com.app.App                              : Starting App using Java 21.0.11 with PID 1780 (started by vedasamhitha2002 in /home/vedasamhitha2002/devsecops-project)
2026-06-05T05:17:19.801Z  INFO 1780 --- [           main] com.app.App                              : No active profile set, falling back to 1 default profile: "default"
2026-06-05T05:17:21.655Z  INFO 1780 --- [           main] o.s.b.w.embedded.tomcat.TomcatWebServer  : Tomcat initialized with port 8081 (http)
2026-06-05T05:17:21.670Z  INFO 1780 --- [           main] o.apache.catalina.core.StandardService   : Starting service [Tomcat]
2026-06-05T05:17:21.671Z  INFO 1780 --- [           main] o.apache.catalina.core.StandardEngine    : Starting Servlet engine: [Apache Tomcat/10.1.16]
2026-06-05T05:17:21.751Z  INFO 1780 --- [           main] o.a.c.c.C.[Tomcat].[localhost].[/]       : Initializing Spring embedded WebApplicationContext
2026-06-05T05:17:21.753Z  INFO 1780 --- [           main] w.s.c.ServletWebServerApplicationContext : Root WebApplicationContext: initialization completed in 1844 ms
2026-06-05T05:17:22.413Z  INFO 1780 --- [           main] o.s.b.w.embedded.tomcat.TomcatWebServer  : Tomcat started on port 8081 (http) with context path ''
2026-06-05T05:17:22.425Z  INFO 1780 --- [           main] com.app.App                              : Started App in 3.744 seconds (process running for 5.1)
]]></system-out>
  </testcase>
  <testcase name="testMultiply" classname="com.app.AppTest" time="0.001"/>
</testsuite>